# JRE version: Java(TM) SE Runtime Environment (8.0_66-b17) (build 1.8.0_66-b17)
# Java VM: Java HotSpot(TM) 64-Bit Server VM (25.66-b17 mixed mode linux-amd64 compressed oops)
Heap:
 PSYoungGen      total 244224K, used 0K [0x00000000eab00000, 0x0000000100000000, 0x0000000100000000)
  eden space 137216K, 0% used [0x00000000eab00000,0x00000000eab00000,0x00000000f3100000)
  from space 107008K, 0% used [0x00000000f9780000,0x00000000f9780000,0x0000000100000000)
  to   space 104960K, 0% used [0x00000000f3100000,0x00000000f3100000,0x00000000f9780000)
 ParOldGen       total 265728K, used 246235K [0x00000000c0000000, 0x00000000d0380000, 0x00000000eab00000)
  object space 265728K, 92% used [0x00000000c0000000,0x00000000cf076da8,0x00000000d0380000)
 Metaspace       used 6135K, capacity 7216K, committed 7296K, reserved 1056768K
  class space    used 587K, capacity 616K, committed 640K, reserved 1048576K
GC Heap History (10 events):
Event: 15.960 GC heap after
Heap after GC invocations=20 (full 4):
 PSYoungGen      total 264192K, used 47405K [0x00000000eab00000, 0x00000000ffe80000, 0x0000000100000000)
  eden space 182784K, 0% used [0x00000000eab00000,0x00000000eab00000,0x00000000f5d80000)
  from space 81408K, 58% used [0x00000000faf00000,0x00000000fdd4b428,0x00000000ffe80000)
  to   space 82432K, 0% used [0x00000000f5d80000,0x00000000f5d80000,0x00000000fae00000)
 ParOldGen       total 265728K, used 163952K [0x00000000c0000000, 0x00000000d0380000, 0x00000000eab00000)
  object space 265728K, 61% used [0x00000000c0000000,0x00000000ca01c380,0x00000000d0380000)
 Metaspace       used 6064K, capacity 7152K, committed 7296K, reserved 1056768K
  class space    used 586K, capacity 616K, committed 640K, reserved 1048576K
}
Event: 17.915 GC heap before
{Heap before GC invocations=21 (full 4):
 PSYoungGen      total 264192K, used 230189K [0x00000000eab00000, 0x00000000ffe80000, 0x0000000100000000)
  eden space 182784K, 100% used [0x00000000eab00000,0x00000000f5d80000,0x00000000f5d80000)
  from space 81408K, 58% used [0x00000000faf00000,0x00000000fdd4b428,0x00000000ffe80000)
  to   space 82432K, 0% used [0x00000000f5d80000,0x00000000f5d80000,0x00000000fae00000)
 ParOldGen       total 265728K, used 163952K [0x00000000c0000000, 0x00000000d0380000, 0x00000000eab00000)
  object space 265728K, 61% used [0x00000000c0000000,0x00000000ca01c380,0x00000000d0380000)
 Metaspace       used 6083K, capacity 7152K, committed 7296K, reserved 1056768K
  class space    used 586K, capacity 616K, committed 640K, reserved 1048576K
Event: 18.075 GC heap after
Heap after GC invocations=21 (full 4):
 PSYoungGen      total 254976K, used 71984K [0x00000000eab00000, 0x0000000100000000, 0x0000000100000000)
  eden space 182784K, 0% used [0x00000000eab00000,0x00000000eab00000,0x00000000f5d80000)
  from space 72192K, 99% used [0x00000000f5d80000,0x00000000fa3cc1a8,0x00000000fa400000)
  to   space 90624K, 0% used [0x00000000fa780000,0x00000000fa780000,0x0000000100000000)
 ParOldGen       total 265728K, used 163960K [0x00000000c0000000, 0x00000000d0380000, 0x00000000eab00000)
  object space 265728K, 61% used [0x00000000c0000000,0x00000000ca01e380,0x00000000d0380000)
 Metaspace       used 6083K, capacity 7152K, committed 7296K, reserved 1056768K
  class space    used 586K, capacity 616K, committed 640K, reserved 1048576K
}
Event: 19.007 GC heap before
{Heap before GC invocations=22 (full 4):
 PSYoungGen      total 254976K, used 254768K [0x00000000eab00000, 0x0000000100000000, 0x0000000100000000)
  eden space 182784K, 100% used [0x00000000eab00000,0x00000000f5d80000,0x00000000f5d80000)
  from space 72192K, 99% used [0x00000000f5d80000,0x00000000fa3cc1a8,0x00000000fa400000)
  to   space 90624K, 0% used [0x00000000fa780000,0x00000000fa780000,0x0000000100000000)
 ParOldGen       total 265728K, used 163960K [0x00000000c0000000, 0x00000000d0380000, 0x00000000eab00000)
  object space 265728K, 61% used [0x00000000c0000000,0x00000000ca01e380,0x00000000d0380000)
 Metaspace       used 6084K, capacity 7152K, committed 7296K, reserved 1056768K
  class space    used 586K, capacity 616K, committed 640K, reserved 1048576K
Event: 19.683 GC heap after
Heap after GC invocations=22 (full 4):
 PSYoungGen      total 227840K, used 90612K [0x00000000eab00000, 0x0000000100000000, 0x0000000100000000)
  eden space 137216K, 0% used [0x00000000eab00000,0x00000000eab00000,0x00000000f3100000)
  from space 90624K, 99% used [0x00000000fa780000,0x00000000ffffd1a0,0x0000000100000000)
  to   space 105984K, 0% used [0x00000000f3100000,0x00000000f3100000,0x00000000f9880000)
 ParOldGen       total 265728K, used 169499K [0x00000000c0000000, 0x00000000d0380000, 0x00000000eab00000)
  object space 265728K, 63% used [0x00000000c0000000,0x00000000ca586e28,0x00000000d0380000)
 Metaspace       used 6084K, capacity 7152K, committed 7296K, reserved 1056768K
  class space    used 586K, capacity 616K, committed 640K, reserved 1048576K
}
Event: 24.397 GC heap before
{Heap before GC invocations=23 (full 4):
 PSYoungGen      total 227840K, used 227828K [0x00000000eab00000, 0x0000000100000000, 0x0000000100000000)
  eden space 137216K, 100% used [0x00000000eab00000,0x00000000f3100000,0x00000000f3100000)
  from space 90624K, 99% used [0x00000000fa780000,0x00000000ffffd1a0,0x0000000100000000)
  to   space 105984K, 0% used [0x00000000f3100000,0x00000000f3100000,0x00000000f9880000)
 ParOldGen       total 265728K, used 169499K [0x00000000c0000000, 0x00000000d0380000, 0x00000000eab00000)
  object space 265728K, 63% used [0x00000000c0000000,0x00000000ca586e28,0x00000000d0380000)
 Metaspace       used 6129K, capacity 7216K, committed 7296K, reserved 1056768K
  class space    used 587K, capacity 616K, committed 640K, reserved 1048576K
Event: 24.565 GC heap after
Heap after GC invocations=23 (full 4):
 PSYoungGen      total 202752K, used 65197K [0x00000000eab00000, 0x0000000100000000, 0x0000000100000000)
  eden space 137216K, 0% used [0x00000000eab00000,0x00000000eab00000,0x00000000f3100000)
  from space 65536K, 99% used [0x00000000f3100000,0x00000000f70ab698,0x00000000f7100000)
  to   space 107008K, 0% used [0x00000000f9780000,0x00000000f9780000,0x0000000100000000)
 ParOldGen       total 265728K, used 211427K [0x00000000c0000000, 0x00000000d0380000, 0x00000000eab00000)
  object space 265728K, 79% used [0x00000000c0000000,0x00000000cce78ed8,0x00000000d0380000)
 Metaspace       used 6129K, capacity 7216K, committed 7296K, reserved 1056768K
  class space    used 587K, capacity 616K, committed 640K, reserved 1048576K
}
Event: 25.231 GC heap before
{Heap before GC invocations=24 (full 4):
 PSYoungGen      total 202752K, used 202413K [0x00000000eab00000, 0x0000000100000000, 0x0000000100000000)
  eden space 137216K, 100% used [0x00000000eab00000,0x00000000f3100000,0x00000000f3100000)
  from space 65536K, 99% used [0x00000000f3100000,0x00000000f70ab698,0x00000000f7100000)
  to   space 107008K, 0% used [0x00000000f9780000,0x00000000f9780000,0x0000000100000000)
 ParOldGen       total 265728K, used 211427K [0x00000000c0000000, 0x00000000d0380000, 0x00000000eab00000)
  object space 265728K, 79% used [0x00000000c0000000,0x00000000cce78ed8,0x00000000d0380000)
 Metaspace       used 6135K, capacity 7216K, committed 7296K, reserved 1056768K
  class space    used 587K, capacity 616K, committed 640K, reserved 1048576K
Event: 25.312 GC heap after
Heap after GC invocations=24 (full 4):
 PSYoungGen      total 244224K, used 59124K [0x00000000eab00000, 0x0000000100000000, 0x0000000100000000)
  eden space 137216K, 0% used [0x00000000eab00000,0x00000000eab00000,0x00000000f3100000)
  from space 107008K, 55% used [0x00000000f9780000,0x00000000fd13d248,0x0000000100000000)
  to   space 104960K, 0% used [0x00000000f3100000,0x00000000f3100000,0x00000000f9780000)
 ParOldGen       total 265728K, used 235940K [0x00000000c0000000, 0x00000000d0380000, 0x00000000eab00000)
  object space 265728K, 88% used [0x00000000c0000000,0x00000000ce669060,0x00000000d0380000)
 Metaspace       used 6135K, capacity 7216K, committed 7296K, reserved 1056768K
  class space    used 587K, capacity 616K, committed 640K, reserved 1048576K
}
Event: 25.312 GC heap before
{Heap before GC invocations=25 (full 5):
 PSYoungGen      total 244224K, used 59124K [0x00000000eab00000, 0x0000000100000000, 0x0000000100000000)
  eden space 137216K, 0% used [0x00000000eab00000,0x00000000eab00000,0x00000000f3100000)
  from space 107008K, 55% used [0x00000000f9780000,0x00000000fd13d248,0x0000000100000000)
  to   space 104960K, 0% used [0x00000000f3100000,0x00000000f3100000,0x00000000f9780000)
 ParOldGen       total 265728K, used 235940K [0x00000000c0000000, 0x00000000d0380000, 0x00000000eab00000)
  object space 265728K, 88% used [0x00000000c0000000,0x00000000ce669060,0x00000000d0380000)
 Metaspace       used 6135K, capacity 7216K, committed 7296K, reserved 1056768K
  class space    used 587K, capacity 616K, committed 640K, reserved 1048576K

